=== journal vacuum ===
=== stale APT locks (fuser check) ===
in use skip: /var/lib/dpkg/lock-frontend
in use skip: /var/lib/dpkg/lock
in use skip: /var/cache/apt/archives/lock
removed: /var/lib/apt/lists/lock
=== apt clean ===
E: Could not get lock /var/cache/apt/archives/lock. It is held by process 0
E: Unable to lock directory /var/cache/apt/archives/
=== remove disabled snap revisions (never brave) ===
snap remove core24 --revision=1499
core24 (revision 1499) removed
snap remove snapd --revision=25935
snapd (revision 25935) removed
snap remove telegram-desktop --revision=6926
telegram-desktop (revision 6926) removed
=== apt update ===
Ign:1 https://repo.protonvpn.com/debian stable InRelease
Hit:2 https://mirrors.storpool.com/ubuntu/archive noble InRelease
Ign:3 https://apt.packages.shiftkey.dev/ubuntu any InRelease
Hit:4 https://mirrors.storpool.com/ubuntu/archive noble-updates InRelease
Get:5 http://repo.mysql.com/apt/ubuntu mantic InRelease [22.7 kB]
Hit:6 https://mirrors.storpool.com/ubuntu/archive noble-backports InRelease
Hit:7 https://packages.microsoft.com/repos/vscode stable InRelease
Hit:8 https://dl.google.com/linux/chrome/deb stable InRelease
Hit:9 http://security.ubuntu.com/ubuntu noble-security InRelease
Hit:10 https://brave-browser-apt-release.s3.brave.com stable InRelease
Hit:11 https://mirror.mwt.me/shiftkey-desktop/deb any InRelease
Hit:12 https://ppa.launchpadcontent.net/flatpak/stable/ubuntu noble InRelease
Hit:13 https://packages.microsoft.com/repos/code stable InRelease
Err:5 http://repo.mysql.com/apt/ubuntu mantic InRelease
  The following signatures were invalid: EXPKEYSIG B7B3B788A8D3785C MySQL Release Engineering <mysql-build@oss.oracle.com>
Hit:14 https://ppa.launchpadcontent.net/kicad/kicad-9.0-releases/ubuntu noble InRelease
Hit:15 https://repo.waydro.id noble InRelease
Hit:16 https://ppa.launchpadcontent.net/neovim-ppa/stable/ubuntu noble InRelease
Hit:17 https://us-central1-apt.pkg.dev/projects/antigravity-auto-updater-dev antigravity-debian InRelease
Ign:1 https://repo.protonvpn.com/debian stable InRelease
Ign:3 https://apt.packages.shiftkey.dev/ubuntu any InRelease
Ign:1 https://repo.protonvpn.com/debian stable InRelease
Ign:3 https://apt.packages.shiftkey.dev/ubuntu any InRelease
Ign:1 https://repo.protonvpn.com/debian stable InRelease
Ign:3 https://apt.packages.shiftkey.dev/ubuntu any InRelease
Ign:1 https://repo.protonvpn.com/debian stable InRelease
Ign:3 https://apt.packages.shiftkey.dev/ubuntu any InRelease
Err:1 https://repo.protonvpn.com/debian stable InRelease
  Certificate verification failed: The certificate is NOT trusted. The certificate issuer is unknown.  Could not handshake: Error in the certificate verification. [IP: 146.112.61.106 443]
Err:3 https://apt.packages.shiftkey.dev/ubuntu any InRelease
  Certificate verification failed: The certificate is NOT trusted. The name in the certificate does not match the expected.  Could not handshake: Error in the certificate verification. [IP: 13.107.253.45 443]
Fetched 22.7 kB in 32s (707 B/s)
Reading package lists...
W: An error occurred during the signature verification. The repository is not updated and the previous index files will be used. GPG error: http://repo.mysql.com/apt/ubuntu mantic InRelease: The following signatures were invalid: EXPKEYSIG B7B3B788A8D3785C MySQL Release Engineering <mysql-build@oss.oracle.com>
W: https://packages.microsoft.com/repos/vscode/dists/stable/InRelease: Key is stored in legacy trusted.gpg keyring (/etc/apt/trusted.gpg), see the DEPRECATION section in apt-key(8) for details.
W: Failed to fetch http://repo.mysql.com/apt/ubuntu/dists/mantic/InRelease  The following signatures were invalid: EXPKEYSIG B7B3B788A8D3785C MySQL Release Engineering <mysql-build@oss.oracle.com>
W: Failed to fetch https://repo.protonvpn.com/debian/dists/stable/InRelease  Certificate verification failed: The certificate is NOT trusted. The certificate issuer is unknown.  Could not handshake: Error in the certificate verification. [IP: 146.112.61.106 443]
W: Failed to fetch https://apt.packages.shiftkey.dev/ubuntu/dists/any/InRelease  Certificate verification failed: The certificate is NOT trusted. The name in the certificate does not match the expected.  Could not handshake: Error in the certificate verification. [IP: 13.107.253.45 443]
W: Some index files failed to download. They have been ignored, or old ones used instead.
=== dpkg configure / fix broken ===
dpkg: error: dpkg frontend lock was locked by another process with pid 0
Note: removing the lock file is always wrong, can damage the locked area
and the entire system. See <https://wiki.debian.org/Teams/Dpkg/FAQ#db-lock>.
E: Could not get lock /var/lib/dpkg/lock-frontend. It is held by process 0
E: Unable to acquire the dpkg frontend lock (/var/lib/dpkg/lock-frontend), is another process using it?
=== apt-get check ===
E: Could not get lock /var/lib/dpkg/lock-frontend. It is held by process 0
E: Unable to acquire the dpkg frontend lock (/var/lib/dpkg/lock-frontend), is another process using it?
=== full-upgrade ===
E: Could not get lock /var/lib/dpkg/lock-frontend. It is held by process 0
E: Unable to acquire the dpkg frontend lock (/var/lib/dpkg/lock-frontend), is another process using it?
=== snap refresh ===
All snaps up to date.
=== restart snapd ===
=== df ===
Filesystem      Size  Used Avail Use% Mounted on
/dev/sda4        89G   83G  1.5G  99% /
